<?xml version="1.0" encoding="UTF-8"?>
<!-- Generated by org.testng.reporters.JUnitXMLReporter -->
<testsuite ignored="2" hostname="OZL9804W" failures="0" tests="1" name="Default test" time="1.478" errors="0" timestamp="2024-06-23T17:36:25 IST">
  <testcase classname="TestExample.RestAssuredForPost" name="verifyPutCall" time="1.453"/>
  <testcase classname="TestExample.RestAssuredForPost" name="verifyPostCall2" time="0.0">
    <ignored/>
  </testcase> <!-- verifyPostCall2 -->
  <testcase classname="TestExample.RestAssuredForPost" name="berifyPostCall1" time="0.0">
    <ignored/>
  </testcase> <!-- berifyPostCall1 -->
</testsuite> <!-- Default test -->
