<?xml version="1.0" encoding="UTF-8"?>
<testng-results ignored="2" total="3" passed="1" failed="0" skipped="0">
  <reporter-output>
  </reporter-output>
  <suite started-at="2024-06-23T17:36:24 IST" name="Default suite" finished-at="2024-06-23T17:36:25 IST" duration-ms="1478">
    <groups>
    </groups>
    <test started-at="2024-06-23T17:36:24 IST" name="Default test" finished-at="2024-06-23T17:36:25 IST" duration-ms="1478">
      <class name="TestExample.RestAssuredForPost">
        <test-method signature="verifyPutCall()[pri:0, instance:TestExample.RestAssuredForPost@d737b89]" started-at="2024-06-23T17:36:24 IST" name="verifyPutCall" finished-at="2024-06-23T17:36:25 IST" duration-ms="1453" status="PASS">
          <reporter-output>
          </reporter-output>
        </test-method> <!-- verifyPutCall -->
      </class> <!-- TestExample.RestAssuredForPost -->
    </test> <!-- Default test -->
  </suite> <!-- Default suite -->
</testng-results>
